<?xml version="1.0" encoding="UTF-8"?>
<!-- Generated by org.testng.reporters.JUnitReportReporter -->
<testsuite hostname="DESKTOP-AMC897U" failures="0" tests="2" name="rahulshettyacademy.tests.ErrorValidationsTest1" time="15.739" errors="0" timestamp="2024-12-12T11:16:01 IST" skipped="0">
  <testcase classname="rahulshettyacademy.tests.ErrorValidationsTest1" name="ProductErrorValidation" time="9.680"/>
  <system-out/>
  <testcase classname="rahulshettyacademy.tests.ErrorValidationsTest1" name="LoginErrorValidation" time="6.059"/>
  <system-out/>
</testsuite> <!-- rahulshettyacademy.tests.ErrorValidationsTest1 -->
