<?xml version="1.0" encoding="UTF-8"?>
<!-- Generated by org.testng.reporters.JUnitReportReporter -->
<testsuite hostname="DESKTOP-AMC897U" failures="0" tests="3" name="rahulshettyacademy.tests.SubmitOrderTest1" time="30.202" errors="0" timestamp="2024-12-12T11:16:01 IST" skipped="0">
  <testcase classname="rahulshettyacademy.tests.SubmitOrderTest1" name="submitOrder" time="14.207"/>
  <system-out/>
  <testcase classname="rahulshettyacademy.tests.SubmitOrderTest1" name="submitOrder" time="8.919"/>
  <system-out/>
  <testcase classname="rahulshettyacademy.tests.SubmitOrderTest1" name="OrderHistoryTest" time="7.076"/>
  <system-out/>
</testsuite> <!-- rahulshettyacademy.tests.SubmitOrderTest1 -->
