<?xml version="1.0" encoding="UTF-8"?>
<!-- Generated by org.testng.reporters.JUnitReportReporter -->
<testsuite hostname="DESKTOP-AMC897U" failures="0" tests="1" name="rahulshettyacademy.resources.ExtentReportDemo" time="22.099" errors="0" timestamp="2024-12-10T14:40:30 IST" skipped="0">
  <testcase classname="rahulshettyacademy.resources.ExtentReportDemo" name="initialDemo" time="22.099"/>
  <system-out/>
</testsuite> <!-- rahulshettyacademy.resources.ExtentReportDemo -->
